<?xml version="1.0" encoding="UTF-8"?>
<testsuite name="p4Test.LoginTest" tests="1" skipped="0" failures="0" errors="0" timestamp="2021-02-24T13:35:13" hostname="DESKTOP-LB7OGC7" time="0.025">
  <properties/>
  <testcase name="verify_user_login" classname="p4Test.LoginTest" time="0.025"/>
  <system-out><![CDATA[]]></system-out>
  <system-err><![CDATA[]]></system-err>
</testsuite>
