<?xml version="1.0" encoding="UTF-8"?>
<testsuite name="p6Test.TestSuite" tests="0" skipped="0" failures="0" errors="0" timestamp="1970-01-01T00:00:00" hostname="DESKTOP-LB7OGC7" time="0.0">
  <properties/>
  <system-out><![CDATA[ ***** BEFORE CLASS
 ****** AFTER CLASS
]]></system-out>
  <system-err><![CDATA[]]></system-err>
</testsuite>
