<?xml version="1.0" encoding="UTF-8"?>
<testsuite name="p5Test.CambioMonedaTest" tests="1" skipped="0" failures="0" errors="0" timestamp="2021-02-24T13:35:13" hostname="DESKTOP-LB7OGC7" time="1.259">
  <properties/>
  <testcase name="verify_change" classname="p5Test.CambioMonedaTest" time="1.259"/>
  <system-out><![CDATA[]]></system-out>
  <system-err><![CDATA[]]></system-err>
</testsuite>
